2019-06-27 14:10:48,091 DEBUG [net.java_school.bank.BankUi.main()] o.s.c.a.AnnotationConfigApplicationContext [AbstractApplicationContext.java:594] Refreshing org.springframework.context.annotation.AnnotationConfigApplicationContext@5f1496da
2019-06-27 14:10:48,137 DEBUG [net.java_school.bank.BankUi.main()] o.s.b.f.s.DefaultListableBeanFactory [DefaultSingletonBeanRegistry.java:213] Creating shared instance of singleton bean 'org.springframework.context.annotation.internalConfigurationAnnotationProcessor'
2019-06-27 14:10:48,536 DEBUG [net.java_school.bank.BankUi.main()] o.s.b.f.s.DefaultListableBeanFactory [DefaultSingletonBeanRegistry.java:213] Creating shared instance of singleton bean 'org.springframework.context.event.internalEventListenerProcessor'
2019-06-27 14:10:48,542 DEBUG [net.java_school.bank.BankUi.main()] o.s.b.f.s.DefaultListableBeanFactory [DefaultSingletonBeanRegistry.java:213] Creating shared instance of singleton bean 'org.springframework.context.event.internalEventListenerFactory'
2019-06-27 14:10:48,562 DEBUG [net.java_school.bank.BankUi.main()] o.s.b.f.s.DefaultListableBeanFactory [DefaultSingletonBeanRegistry.java:213] Creating shared instance of singleton bean 'org.springframework.context.annotation.internalAutowiredAnnotationProcessor'
2019-06-27 14:10:48,573 DEBUG [net.java_school.bank.BankUi.main()] o.s.b.f.s.DefaultListableBeanFactory [DefaultSingletonBeanRegistry.java:213] Creating shared instance of singleton bean 'org.springframework.aop.config.internalAutoProxyCreator'
2019-06-27 14:10:48,809 DEBUG [net.java_school.bank.BankUi.main()] o.s.b.f.s.DefaultListableBeanFactory [DefaultSingletonBeanRegistry.java:213] Creating shared instance of singleton bean 'bankConfig'
2019-06-27 14:10:48,872 DEBUG [net.java_school.bank.BankUi.main()] o.s.a.a.a.ReflectiveAspectJAdvisorFactory [ReflectiveAspectJAdvisorFactory.java:243] Found AspectJ method: public void net.java_school.commons.TestLogger.depositLog(org.aspectj.lang.JoinPoint)
2019-06-27 14:10:48,875 DEBUG [net.java_school.bank.BankUi.main()] o.s.a.a.a.ReflectiveAspectJAdvisorFactory [ReflectiveAspectJAdvisorFactory.java:243] Found AspectJ method: public void net.java_school.commons.TestLogger.withdrawLog(java.lang.String,long)
2019-06-27 14:10:49,089 DEBUG [net.java_school.bank.BankUi.main()] o.s.b.f.s.DefaultListableBeanFactory [DefaultSingletonBeanRegistry.java:213] Creating shared instance of singleton bean 'testLogger'
2019-06-27 14:10:49,124 DEBUG [net.java_school.bank.BankUi.main()] o.s.b.f.s.DefaultListableBeanFactory [DefaultSingletonBeanRegistry.java:213] Creating shared instance of singleton bean 'dataSource'
2019-06-27 14:10:49,439 DEBUG [net.java_school.bank.BankUi.main()] o.s.j.d.DriverManagerDataSource [DriverManagerDataSource.java:133] Loaded JDBC driver: oracle.jdbc.driver.OracleDriver
2019-06-27 14:10:49,449 DEBUG [net.java_school.bank.BankUi.main()] o.s.b.f.s.DefaultListableBeanFactory [DefaultSingletonBeanRegistry.java:213] Creating shared instance of singleton bean 'shinhanBankDao'
2019-06-27 14:10:49,531 DEBUG [net.java_school.bank.BankUi.main()] o.s.b.f.s.DefaultListableBeanFactory [DefaultSingletonBeanRegistry.java:213] Creating shared instance of singleton bean 'shinhanBank'
2019-06-27 14:10:49,549 DEBUG [net.java_school.bank.BankUi.main()] o.s.b.f.s.DefaultListableBeanFactory [DefaultSingletonBeanRegistry.java:213] Creating shared instance of singleton bean 'bankUi'
2019-06-27 14:11:08,958 DEBUG [net.java_school.bank.BankUi.main()] o.s.j.c.JdbcTemplate [JdbcTemplate.java:859] Executing prepared SQL update
2019-06-27 14:11:08,964 DEBUG [net.java_school.bank.BankUi.main()] o.s.j.c.JdbcTemplate [JdbcTemplate.java:608] Executing prepared SQL statement [INSERT INTO bankaccount (accountno, owner, balance, kind) VALUES (?, ?, 0, ?)]
2019-06-27 14:11:08,986 DEBUG [net.java_school.bank.BankUi.main()] o.s.j.d.DataSourceUtils [DataSourceUtils.java:114] Fetching JDBC Connection from DataSource
2019-06-27 14:11:08,987 DEBUG [net.java_school.bank.BankUi.main()] o.s.j.d.DriverManagerDataSource [DriverManagerDataSource.java:143] Creating new JDBC DriverManager Connection to [jdbc:oracle:thin:@127.0.0.1:1521:XE]
2019-06-27 14:11:34,327 DEBUG [net.java_school.bank.BankUi.main()] o.s.j.c.JdbcTemplate [JdbcTemplate.java:426] Executing SQL query [SELECT accountNo,owner,balance,kind FROM bankaccount ORDER BY accountNo DESC]
2019-06-27 14:11:34,330 DEBUG [net.java_school.bank.BankUi.main()] o.s.j.d.DataSourceUtils [DataSourceUtils.java:114] Fetching JDBC Connection from DataSource
2019-06-27 14:11:34,339 DEBUG [net.java_school.bank.BankUi.main()] o.s.j.d.DriverManagerDataSource [DriverManagerDataSource.java:143] Creating new JDBC DriverManager Connection to [jdbc:oracle:thin:@127.0.0.1:1521:XE]
2019-06-27 14:11:44,601 DEBUG [net.java_school.bank.BankUi.main()] o.s.j.c.JdbcTemplate [JdbcTemplate.java:859] Executing prepared SQL update
2019-06-27 14:11:44,602 DEBUG [net.java_school.bank.BankUi.main()] o.s.j.c.JdbcTemplate [JdbcTemplate.java:608] Executing prepared SQL statement [UPDATE bankaccount SET balance = balance + ? WHERE accountno = ?]
2019-06-27 14:11:44,602 DEBUG [net.java_school.bank.BankUi.main()] o.s.j.d.DataSourceUtils [DataSourceUtils.java:114] Fetching JDBC Connection from DataSource
2019-06-27 14:11:44,603 DEBUG [net.java_school.bank.BankUi.main()] o.s.j.d.DriverManagerDataSource [DriverManagerDataSource.java:143] Creating new JDBC DriverManager Connection to [jdbc:oracle:thin:@127.0.0.1:1521:XE]
2019-06-27 14:11:44,684 DEBUG [net.java_school.bank.BankUi.main()] n.j.c.TestLogger [TestLogger.java:19] deposit|500|1000000
2019-06-27 14:11:46,301 DEBUG [net.java_school.bank.BankUi.main()] o.s.j.c.JdbcTemplate [JdbcTemplate.java:426] Executing SQL query [SELECT accountNo,owner,balance,kind FROM bankaccount ORDER BY accountNo DESC]
2019-06-27 14:11:46,302 DEBUG [net.java_school.bank.BankUi.main()] o.s.j.d.DataSourceUtils [DataSourceUtils.java:114] Fetching JDBC Connection from DataSource
2019-06-27 14:11:46,302 DEBUG [net.java_school.bank.BankUi.main()] o.s.j.d.DriverManagerDataSource [DriverManagerDataSource.java:143] Creating new JDBC DriverManager Connection to [jdbc:oracle:thin:@127.0.0.1:1521:XE]
2019-06-27 14:11:50,489 DEBUG [net.java_school.bank.BankUi.main()] o.s.c.a.AnnotationConfigApplicationContext [AbstractApplicationContext.java:1002] Closing org.springframework.context.annotation.AnnotationConfigApplicationContext@5f1496da, started on Thu Jun 27 14:10:48 KST 2019
2019-06-27 21:32:48,413 DEBUG [net.java_school.bank.BankUi.main()] o.s.c.a.AnnotationConfigApplicationContext [AbstractApplicationContext.java:594] Refreshing org.springframework.context.annotation.AnnotationConfigApplicationContext@499e8eeb
2019-06-27 21:32:48,536 DEBUG [net.java_school.bank.BankUi.main()] o.s.b.f.s.DefaultListableBeanFactory [DefaultSingletonBeanRegistry.java:213] Creating shared instance of singleton bean 'org.springframework.context.annotation.internalConfigurationAnnotationProcessor'
2019-06-27 21:32:49,323 DEBUG [net.java_school.bank.BankUi.main()] o.s.b.f.s.DefaultListableBeanFactory [DefaultSingletonBeanRegistry.java:213] Creating shared instance of singleton bean 'org.springframework.context.event.internalEventListenerProcessor'
2019-06-27 21:32:49,343 DEBUG [net.java_school.bank.BankUi.main()] o.s.b.f.s.DefaultListableBeanFactory [DefaultSingletonBeanRegistry.java:213] Creating shared instance of singleton bean 'org.springframework.context.event.internalEventListenerFactory'
2019-06-27 21:32:49,358 DEBUG [net.java_school.bank.BankUi.main()] o.s.b.f.s.DefaultListableBeanFactory [DefaultSingletonBeanRegistry.java:213] Creating shared instance of singleton bean 'org.springframework.context.annotation.internalAutowiredAnnotationProcessor'
2019-06-27 21:32:49,376 DEBUG [net.java_school.bank.BankUi.main()] o.s.b.f.s.DefaultListableBeanFactory [DefaultSingletonBeanRegistry.java:213] Creating shared instance of singleton bean 'org.springframework.aop.config.internalAutoProxyCreator'
2019-06-27 21:32:50,100 DEBUG [net.java_school.bank.BankUi.main()] o.s.b.f.s.DefaultListableBeanFactory [DefaultSingletonBeanRegistry.java:213] Creating shared instance of singleton bean 'bankConfig'
2019-06-27 21:32:50,235 DEBUG [net.java_school.bank.BankUi.main()] o.s.a.a.a.ReflectiveAspectJAdvisorFactory [ReflectiveAspectJAdvisorFactory.java:243] Found AspectJ method: public void net.java_school.commons.TestLogger.depositLog(org.aspectj.lang.JoinPoint)
2019-06-27 21:32:50,245 DEBUG [net.java_school.bank.BankUi.main()] o.s.a.a.a.ReflectiveAspectJAdvisorFactory [ReflectiveAspectJAdvisorFactory.java:243] Found AspectJ method: public void net.java_school.commons.TestLogger.withdrawLog(java.lang.String,long)
2019-06-27 21:32:50,725 DEBUG [net.java_school.bank.BankUi.main()] o.s.b.f.s.DefaultListableBeanFactory [DefaultSingletonBeanRegistry.java:213] Creating shared instance of singleton bean 'testLogger'
2019-06-27 21:32:50,775 DEBUG [net.java_school.bank.BankUi.main()] o.s.b.f.s.DefaultListableBeanFactory [DefaultSingletonBeanRegistry.java:213] Creating shared instance of singleton bean 'dataSource'
2019-06-27 21:32:51,590 DEBUG [net.java_school.bank.BankUi.main()] o.s.j.d.DriverManagerDataSource [DriverManagerDataSource.java:133] Loaded JDBC driver: oracle.jdbc.driver.OracleDriver
2019-06-27 21:32:51,599 DEBUG [net.java_school.bank.BankUi.main()] o.s.b.f.s.DefaultListableBeanFactory [DefaultSingletonBeanRegistry.java:213] Creating shared instance of singleton bean 'shinhanBankDao'
2019-06-27 21:32:51,718 DEBUG [net.java_school.bank.BankUi.main()] o.s.b.f.s.DefaultListableBeanFactory [DefaultSingletonBeanRegistry.java:213] Creating shared instance of singleton bean 'shinhanBank'
2019-06-27 21:32:51,744 DEBUG [net.java_school.bank.BankUi.main()] o.s.b.f.s.DefaultListableBeanFactory [DefaultSingletonBeanRegistry.java:213] Creating shared instance of singleton bean 'bankUi'
2019-06-27 21:32:56,557 DEBUG [net.java_school.bank.BankUi.main()] o.s.j.c.JdbcTemplate [JdbcTemplate.java:426] Executing SQL query [SELECT accountNo,owner,balance,kind FROM bankaccount ORDER BY accountNo DESC]
2019-06-27 21:32:56,565 DEBUG [net.java_school.bank.BankUi.main()] o.s.j.d.DataSourceUtils [DataSourceUtils.java:114] Fetching JDBC Connection from DataSource
2019-06-27 21:32:56,565 DEBUG [net.java_school.bank.BankUi.main()] o.s.j.d.DriverManagerDataSource [DriverManagerDataSource.java:143] Creating new JDBC DriverManager Connection to [jdbc:oracle:thin:@127.0.0.1:1521:XE]
2019-06-27 21:33:15,138 DEBUG [net.java_school.bank.BankUi.main()] o.s.j.c.JdbcTemplate [JdbcTemplate.java:859] Executing prepared SQL update
2019-06-27 21:33:15,162 DEBUG [net.java_school.bank.BankUi.main()] o.s.j.c.JdbcTemplate [JdbcTemplate.java:608] Executing prepared SQL statement [UPDATE bankaccount SET balance = balance + ? WHERE accountno = ?]
2019-06-27 21:33:15,163 DEBUG [net.java_school.bank.BankUi.main()] o.s.j.d.DataSourceUtils [DataSourceUtils.java:114] Fetching JDBC Connection from DataSource
2019-06-27 21:33:15,163 DEBUG [net.java_school.bank.BankUi.main()] o.s.j.d.DriverManagerDataSource [DriverManagerDataSource.java:143] Creating new JDBC DriverManager Connection to [jdbc:oracle:thin:@127.0.0.1:1521:XE]
2019-06-27 21:33:15,790 DEBUG [net.java_school.bank.BankUi.main()] n.j.c.TestLogger [TestLogger.java:19] deposit|100|500000
2019-06-27 21:33:17,788 DEBUG [net.java_school.bank.BankUi.main()] o.s.j.c.JdbcTemplate [JdbcTemplate.java:426] Executing SQL query [SELECT accountNo,owner,balance,kind FROM bankaccount ORDER BY accountNo DESC]
2019-06-27 21:33:17,789 DEBUG [net.java_school.bank.BankUi.main()] o.s.j.d.DataSourceUtils [DataSourceUtils.java:114] Fetching JDBC Connection from DataSource
2019-06-27 21:33:17,799 DEBUG [net.java_school.bank.BankUi.main()] o.s.j.d.DriverManagerDataSource [DriverManagerDataSource.java:143] Creating new JDBC DriverManager Connection to [jdbc:oracle:thin:@127.0.0.1:1521:XE]
2019-06-27 21:33:26,116 DEBUG [net.java_school.bank.BankUi.main()] o.s.c.a.AnnotationConfigApplicationContext [AbstractApplicationContext.java:1002] Closing org.springframework.context.annotation.AnnotationConfigApplicationContext@499e8eeb, started on Thu Jun 27 21:32:48 KST 2019
2020-12-24 13:17:49,692 DEBUG [net.java_school.bank.BankUi.main()] o.s.c.a.AnnotationConfigApplicationContext [AbstractApplicationContext.java:634] Refreshing org.springframework.context.annotation.AnnotationConfigApplicationContext@4fb893f
2020-12-24 13:17:49,833 DEBUG [net.java_school.bank.BankUi.main()] o.s.b.f.s.DefaultListableBeanFactory [DefaultSingletonBeanRegistry.java:225] Creating shared instance of singleton bean 'org.springframework.context.annotation.internalConfigurationAnnotationProcessor'
2020-12-24 13:17:50,508 DEBUG [net.java_school.bank.BankUi.main()] o.s.b.f.s.DefaultListableBeanFactory [DefaultSingletonBeanRegistry.java:225] Creating shared instance of singleton bean 'org.springframework.context.event.internalEventListenerProcessor'
2020-12-24 13:17:50,511 DEBUG [net.java_school.bank.BankUi.main()] o.s.b.f.s.DefaultListableBeanFactory [DefaultSingletonBeanRegistry.java:225] Creating shared instance of singleton bean 'org.springframework.context.event.internalEventListenerFactory'
2020-12-24 13:17:50,519 DEBUG [net.java_school.bank.BankUi.main()] o.s.b.f.s.DefaultListableBeanFactory [DefaultSingletonBeanRegistry.java:225] Creating shared instance of singleton bean 'org.springframework.context.annotation.internalAutowiredAnnotationProcessor'
2020-12-24 13:17:50,530 DEBUG [net.java_school.bank.BankUi.main()] o.s.b.f.s.DefaultListableBeanFactory [DefaultSingletonBeanRegistry.java:225] Creating shared instance of singleton bean 'org.springframework.aop.config.internalAutoProxyCreator'
2020-12-24 13:17:50,815 DEBUG [net.java_school.bank.BankUi.main()] o.s.b.f.s.DefaultListableBeanFactory [DefaultSingletonBeanRegistry.java:225] Creating shared instance of singleton bean 'bankConfig'
2020-12-24 13:17:50,923 DEBUG [net.java_school.bank.BankUi.main()] o.s.a.a.a.ReflectiveAspectJAdvisorFactory [ReflectiveAspectJAdvisorFactory.java:258] Found AspectJ method: public void net.java_school.commons.TestLogger.depositLog(org.aspectj.lang.JoinPoint)
2020-12-24 13:17:50,929 DEBUG [net.java_school.bank.BankUi.main()] o.s.a.a.a.ReflectiveAspectJAdvisorFactory [ReflectiveAspectJAdvisorFactory.java:258] Found AspectJ method: public void net.java_school.commons.TestLogger.withdrawLog(java.lang.String,double)
2020-12-24 13:17:51,321 DEBUG [net.java_school.bank.BankUi.main()] o.s.b.f.s.DefaultListableBeanFactory [DefaultSingletonBeanRegistry.java:225] Creating shared instance of singleton bean 'testLogger'
2020-12-24 13:17:51,442 DEBUG [net.java_school.bank.BankUi.main()] o.s.b.f.s.DefaultListableBeanFactory [DefaultSingletonBeanRegistry.java:225] Creating shared instance of singleton bean 'dataSource'
2020-12-24 13:17:52,311 DEBUG [net.java_school.bank.BankUi.main()] o.s.j.d.DriverManagerDataSource [DriverManagerDataSource.java:134] Loaded JDBC driver: oracle.jdbc.driver.OracleDriver
2020-12-24 13:17:52,334 DEBUG [net.java_school.bank.BankUi.main()] o.s.b.f.s.DefaultListableBeanFactory [DefaultSingletonBeanRegistry.java:225] Creating shared instance of singleton bean 'shinhanBankDao'
2020-12-24 13:17:52,522 DEBUG [net.java_school.bank.BankUi.main()] o.s.b.f.s.DefaultListableBeanFactory [DefaultSingletonBeanRegistry.java:225] Creating shared instance of singleton bean 'shinhanBank'
2020-12-24 13:17:52,596 DEBUG [net.java_school.bank.BankUi.main()] o.s.b.f.s.DefaultListableBeanFactory [DefaultSingletonBeanRegistry.java:225] Creating shared instance of singleton bean 'bankUi'
2020-12-24 13:17:55,394 DEBUG [net.java_school.bank.BankUi.main()] o.s.j.c.JdbcTemplate [JdbcTemplate.java:440] Executing SQL query [SELECT accountNo,owner,balance,kind FROM bankaccount ORDER BY accountNo DESC]
2020-12-24 13:17:55,431 DEBUG [net.java_school.bank.BankUi.main()] o.s.j.d.DataSourceUtils [DataSourceUtils.java:115] Fetching JDBC Connection from DataSource
2020-12-24 13:17:55,432 DEBUG [net.java_school.bank.BankUi.main()] o.s.j.d.DriverManagerDataSource [DriverManagerDataSource.java:144] Creating new JDBC DriverManager Connection to [jdbc:oracle:thin:@127.0.0.1:1521:XE]
2020-12-24 13:18:08,244 DEBUG [net.java_school.bank.BankUi.main()] o.s.j.c.JdbcTemplate [JdbcTemplate.java:958] Executing prepared SQL update
2020-12-24 13:18:08,246 DEBUG [net.java_school.bank.BankUi.main()] o.s.j.c.JdbcTemplate [JdbcTemplate.java:643] Executing prepared SQL statement [UPDATE bankaccount SET balance = balance + ? WHERE accountno = ?]
2020-12-24 13:18:08,247 DEBUG [net.java_school.bank.BankUi.main()] o.s.j.d.DataSourceUtils [DataSourceUtils.java:115] Fetching JDBC Connection from DataSource
2020-12-24 13:18:08,248 DEBUG [net.java_school.bank.BankUi.main()] o.s.j.d.DriverManagerDataSource [DriverManagerDataSource.java:144] Creating new JDBC DriverManager Connection to [jdbc:oracle:thin:@127.0.0.1:1521:XE]
2020-12-24 13:18:08,625 DEBUG [net.java_school.bank.BankUi.main()] n.j.c.TestLogger [TestLogger.java:19] deposit|101|5.0
2020-12-24 13:18:09,752 DEBUG [net.java_school.bank.BankUi.main()] o.s.j.c.JdbcTemplate [JdbcTemplate.java:440] Executing SQL query [SELECT accountNo,owner,balance,kind FROM bankaccount ORDER BY accountNo DESC]
2020-12-24 13:18:09,753 DEBUG [net.java_school.bank.BankUi.main()] o.s.j.d.DataSourceUtils [DataSourceUtils.java:115] Fetching JDBC Connection from DataSource
2020-12-24 13:18:09,753 DEBUG [net.java_school.bank.BankUi.main()] o.s.j.d.DriverManagerDataSource [DriverManagerDataSource.java:144] Creating new JDBC DriverManager Connection to [jdbc:oracle:thin:@127.0.0.1:1521:XE]
2020-12-24 13:18:19,153 DEBUG [net.java_school.bank.BankUi.main()] o.s.j.c.JdbcTemplate [JdbcTemplate.java:711] Executing prepared SQL query
2020-12-24 13:18:19,154 DEBUG [net.java_school.bank.BankUi.main()] o.s.j.c.JdbcTemplate [JdbcTemplate.java:643] Executing prepared SQL statement [SELECT transactionDate,kind,amount,balance FROM transaction WHERE accountno = ? ORDER By transactionDate ASC]
2020-12-24 13:18:19,155 DEBUG [net.java_school.bank.BankUi.main()] o.s.j.d.DataSourceUtils [DataSourceUtils.java:115] Fetching JDBC Connection from DataSource
2020-12-24 13:18:19,155 DEBUG [net.java_school.bank.BankUi.main()] o.s.j.d.DriverManagerDataSource [DriverManagerDataSource.java:144] Creating new JDBC DriverManager Connection to [jdbc:oracle:thin:@127.0.0.1:1521:XE]
2020-12-24 13:18:40,842 DEBUG [net.java_school.bank.BankUi.main()] o.s.j.c.JdbcTemplate [JdbcTemplate.java:958] Executing prepared SQL update
2020-12-24 13:18:40,843 DEBUG [net.java_school.bank.BankUi.main()] o.s.j.c.JdbcTemplate [JdbcTemplate.java:643] Executing prepared SQL statement [UPDATE bankaccount SET balance = balance - ? WHERE accountno = ?]
2020-12-24 13:18:40,843 DEBUG [net.java_school.bank.BankUi.main()] o.s.j.d.DataSourceUtils [DataSourceUtils.java:115] Fetching JDBC Connection from DataSource
2020-12-24 13:18:40,843 DEBUG [net.java_school.bank.BankUi.main()] o.s.j.d.DriverManagerDataSource [DriverManagerDataSource.java:144] Creating new JDBC DriverManager Connection to [jdbc:oracle:thin:@127.0.0.1:1521:XE]
2020-12-24 13:18:41,010 DEBUG [net.java_school.bank.BankUi.main()] n.j.c.TestLogger [TestLogger.java:24] WITHDRAW|101|2.3
2020-12-24 13:18:41,011 DEBUG [net.java_school.bank.BankUi.main()] o.s.j.c.JdbcTemplate [JdbcTemplate.java:958] Executing prepared SQL update
2020-12-24 13:18:41,011 DEBUG [net.java_school.bank.BankUi.main()] o.s.j.c.JdbcTemplate [JdbcTemplate.java:643] Executing prepared SQL statement [UPDATE bankaccount SET balance = balance + ? WHERE accountno = ?]
2020-12-24 13:18:41,011 DEBUG [net.java_school.bank.BankUi.main()] o.s.j.d.DataSourceUtils [DataSourceUtils.java:115] Fetching JDBC Connection from DataSource
2020-12-24 13:18:41,014 DEBUG [net.java_school.bank.BankUi.main()] o.s.j.d.DriverManagerDataSource [DriverManagerDataSource.java:144] Creating new JDBC DriverManager Connection to [jdbc:oracle:thin:@127.0.0.1:1521:XE]
2020-12-24 13:18:41,099 DEBUG [net.java_school.bank.BankUi.main()] n.j.c.TestLogger [TestLogger.java:19] deposit|202|2.3
2020-12-24 13:18:43,022 DEBUG [net.java_school.bank.BankUi.main()] o.s.j.c.JdbcTemplate [JdbcTemplate.java:440] Executing SQL query [SELECT accountNo,owner,balance,kind FROM bankaccount ORDER BY accountNo DESC]
2020-12-24 13:18:43,023 DEBUG [net.java_school.bank.BankUi.main()] o.s.j.d.DataSourceUtils [DataSourceUtils.java:115] Fetching JDBC Connection from DataSource
2020-12-24 13:18:43,023 DEBUG [net.java_school.bank.BankUi.main()] o.s.j.d.DriverManagerDataSource [DriverManagerDataSource.java:144] Creating new JDBC DriverManager Connection to [jdbc:oracle:thin:@127.0.0.1:1521:XE]
2020-12-24 13:18:50,903 DEBUG [net.java_school.bank.BankUi.main()] o.s.c.a.AnnotationConfigApplicationContext [AbstractApplicationContext.java:1054] Closing org.springframework.context.annotation.AnnotationConfigApplicationContext@4fb893f, started on Thu Dec 24 13:17:49 KST 2020
2020-12-24 13:20:42,134 DEBUG [net.java_school.bank.BankUi.main()] o.s.c.a.AnnotationConfigApplicationContext [AbstractApplicationContext.java:634] Refreshing org.springframework.context.annotation.AnnotationConfigApplicationContext@147917fa
2020-12-24 13:20:42,225 DEBUG [net.java_school.bank.BankUi.main()] o.s.b.f.s.DefaultListableBeanFactory [DefaultSingletonBeanRegistry.java:225] Creating shared instance of singleton bean 'org.springframework.context.annotation.internalConfigurationAnnotationProcessor'
2020-12-24 13:20:42,744 DEBUG [net.java_school.bank.BankUi.main()] o.s.b.f.s.DefaultListableBeanFactory [DefaultSingletonBeanRegistry.java:225] Creating shared instance of singleton bean 'org.springframework.context.event.internalEventListenerProcessor'
2020-12-24 13:20:42,752 DEBUG [net.java_school.bank.BankUi.main()] o.s.b.f.s.DefaultListableBeanFactory [DefaultSingletonBeanRegistry.java:225] Creating shared instance of singleton bean 'org.springframework.context.event.internalEventListenerFactory'
2020-12-24 13:20:42,761 DEBUG [net.java_school.bank.BankUi.main()] o.s.b.f.s.DefaultListableBeanFactory [DefaultSingletonBeanRegistry.java:225] Creating shared instance of singleton bean 'org.springframework.context.annotation.internalAutowiredAnnotationProcessor'
2020-12-24 13:20:42,769 DEBUG [net.java_school.bank.BankUi.main()] o.s.b.f.s.DefaultListableBeanFactory [DefaultSingletonBeanRegistry.java:225] Creating shared instance of singleton bean 'org.springframework.aop.config.internalAutoProxyCreator'
2020-12-24 13:20:43,066 DEBUG [net.java_school.bank.BankUi.main()] o.s.b.f.s.DefaultListableBeanFactory [DefaultSingletonBeanRegistry.java:225] Creating shared instance of singleton bean 'bankConfig'
2020-12-24 13:20:43,158 DEBUG [net.java_school.bank.BankUi.main()] o.s.a.a.a.ReflectiveAspectJAdvisorFactory [ReflectiveAspectJAdvisorFactory.java:258] Found AspectJ method: public void net.java_school.commons.TestLogger.depositLog(org.aspectj.lang.JoinPoint)
2020-12-24 13:20:43,166 DEBUG [net.java_school.bank.BankUi.main()] o.s.a.a.a.ReflectiveAspectJAdvisorFactory [ReflectiveAspectJAdvisorFactory.java:258] Found AspectJ method: public void net.java_school.commons.TestLogger.withdrawLog(java.lang.String,double)
2020-12-24 13:20:43,500 DEBUG [net.java_school.bank.BankUi.main()] o.s.b.f.s.DefaultListableBeanFactory [DefaultSingletonBeanRegistry.java:225] Creating shared instance of singleton bean 'testLogger'
2020-12-24 13:20:43,625 DEBUG [net.java_school.bank.BankUi.main()] o.s.b.f.s.DefaultListableBeanFactory [DefaultSingletonBeanRegistry.java:225] Creating shared instance of singleton bean 'dataSource'
2020-12-24 13:20:44,280 DEBUG [net.java_school.bank.BankUi.main()] o.s.j.d.DriverManagerDataSource [DriverManagerDataSource.java:134] Loaded JDBC driver: oracle.jdbc.driver.OracleDriver
2020-12-24 13:20:44,301 DEBUG [net.java_school.bank.BankUi.main()] o.s.b.f.s.DefaultListableBeanFactory [DefaultSingletonBeanRegistry.java:225] Creating shared instance of singleton bean 'shinhanBankDao'
2020-12-24 13:20:44,414 DEBUG [net.java_school.bank.BankUi.main()] o.s.b.f.s.DefaultListableBeanFactory [DefaultSingletonBeanRegistry.java:225] Creating shared instance of singleton bean 'shinhanBank'
2020-12-24 13:20:44,456 DEBUG [net.java_school.bank.BankUi.main()] o.s.b.f.s.DefaultListableBeanFactory [DefaultSingletonBeanRegistry.java:225] Creating shared instance of singleton bean 'bankUi'
2020-12-24 13:20:46,622 DEBUG [net.java_school.bank.BankUi.main()] o.s.j.c.JdbcTemplate [JdbcTemplate.java:440] Executing SQL query [SELECT accountNo,owner,balance,kind FROM bankaccount ORDER BY accountNo DESC]
2020-12-24 13:20:46,632 DEBUG [net.java_school.bank.BankUi.main()] o.s.j.d.DataSourceUtils [DataSourceUtils.java:115] Fetching JDBC Connection from DataSource
2020-12-24 13:20:46,638 DEBUG [net.java_school.bank.BankUi.main()] o.s.j.d.DriverManagerDataSource [DriverManagerDataSource.java:144] Creating new JDBC DriverManager Connection to [jdbc:oracle:thin:@127.0.0.1:1521:XE]
2020-12-24 13:20:57,926 DEBUG [net.java_school.bank.BankUi.main()] o.s.j.c.JdbcTemplate [JdbcTemplate.java:711] Executing prepared SQL query
2020-12-24 13:20:57,928 DEBUG [net.java_school.bank.BankUi.main()] o.s.j.c.JdbcTemplate [JdbcTemplate.java:643] Executing prepared SQL statement [SELECT transactionDate,kind,amount,balance FROM transaction WHERE accountno = ? ORDER By transactionDate ASC]
2020-12-24 13:20:57,929 DEBUG [net.java_school.bank.BankUi.main()] o.s.j.d.DataSourceUtils [DataSourceUtils.java:115] Fetching JDBC Connection from DataSource
2020-12-24 13:20:57,929 DEBUG [net.java_school.bank.BankUi.main()] o.s.j.d.DriverManagerDataSource [DriverManagerDataSource.java:144] Creating new JDBC DriverManager Connection to [jdbc:oracle:thin:@127.0.0.1:1521:XE]
2020-12-24 13:21:06,116 DEBUG [net.java_school.bank.BankUi.main()] o.s.c.a.AnnotationConfigApplicationContext [AbstractApplicationContext.java:1054] Closing org.springframework.context.annotation.AnnotationConfigApplicationContext@147917fa, started on Thu Dec 24 13:20:42 KST 2020
